[0.004s] Invoking command in '/home/dev_ws/build/serval': DEBUGINFOD_URLS=https://debuginfod.ubuntu.com /usr/bin/cmake /home/dev_ws/src/serval -DAMENT_CMAKE_SYMLINK_INSTALL=1 -DCMAKE_INSTALL_PREFIX=/home/dev_ws/install/serval
[0.069s] -- The C compiler identification is GNU 13.3.0
[0.104s] -- The CXX compiler identification is GNU 13.3.0
[0.114s] -- Detecting C compiler ABI info
[0.167s] -- Detecting C compiler ABI info - done
[0.173s] -- Check for working C compiler: /usr/bin/cc - skipped
[0.173s] -- Detecting C compile features
[0.173s] -- Detecting C compile features - done
[0.178s] -- Detecting CXX compiler ABI info
[0.238s] -- Detecting CXX compiler ABI info - done
[0.243s] -- Check for working CXX compiler: /usr/bin/c++ - skipped
[0.243s] -- Detecting CXX compile features
[0.244s] -- Detecting CXX compile features - done
[0.250s] [31mCMake Error at CMakeLists.txt:19 (find_package):
[0.250s]   By not providing "Findament_cmake.cmake" in CMAKE_MODULE_PATH this project
[0.250s]   has asked CMake to find a package configuration file provided by
[0.250s]   "ament_cmake", but CMake did not find one.
[0.250s] 
[0.250s]   Could not find a package configuration file provided by "ament_cmake" with
[0.250s]   any of the following names:
[0.250s] 
[0.250s]     ament_cmakeConfig.cmake
[0.250s]     ament_cmake-config.cmake
[0.250s] 
[0.250s]   Add the installation prefix of "ament_cmake" to CMAKE_PREFIX_PATH or set
[0.250s]   "ament_cmake_DIR" to a directory containing one of the above files.  If
[0.250s]   "ament_cmake" provides a separate development package or SDK, be sure it
[0.251s]   has been installed.
[0.251s] 
[0.251s] [0m
[0.251s] -- Configuring incomplete, errors occurred!
[0.252s] Invoked command in '/home/dev_ws/build/serval' returned '1': DEBUGINFOD_URLS=https://debuginfod.ubuntu.com /usr/bin/cmake /home/dev_ws/src/serval -DAMENT_CMAKE_SYMLINK_INSTALL=1 -DCMAKE_INSTALL_PREFIX=/home/dev_ws/install/serval
