-- Found ament_cmake: 2.7.3 (/opt/ros/kilted/share/ament_cmake/cmake)
-- Override CMake install command with custom implementation using symlinks instead of copying resources
-- Found rclpy: 9.1.2 (/opt/ros/kilted/share/rclpy/cmake)
-- Found ament_lint_auto: 0.19.2 (/opt/ros/kilted/share/ament_lint_auto/cmake)
-- Added test 'copyright' to check source files copyright and LICENSE
-- Added test 'flake8' to check Python code syntax and style conventions
-- Configured 'flake8' exclude dirs and/or files: 
-- Added test 'lint_cmake' to check CMake code style
-- Added test 'pep257' to check Python code against some of the docstring style conventions in PEP 257
-- Added test 'xmllint' to check XML markup files
-- Configuring done (0.2s)
-- Generating done (0.0s)
-- Build files have been written to: /home/dev_ws/build/serval
-- Install configuration: ""
-- Execute custom install script
-- Up-to-date symlink: /home/dev_ws/install/serval/lib/serval/joystick_control.py
-- Symlinking: /home/dev_ws/install/serval/share/serval/config/controllers.yaml
-- Up-to-date symlink: /home/dev_ws/install/serval/share/serval/launch/serval.launch.py
-- Up-to-date symlink: /home/dev_ws/install/serval/share/serval/description/serval.urdf.xacro
-- Up-to-date symlink: /home/dev_ws/install/serval/share/serval/meshes/base_link.stl
-- Up-to-date symlink: /home/dev_ws/install/serval/share/serval/meshes/foot_link.stl
-- Up-to-date symlink: /home/dev_ws/install/serval/share/serval/meshes/hip_link.stl
-- Up-to-date symlink: /home/dev_ws/install/serval/share/serval/meshes/lower_leg_link.stl
-- Up-to-date symlink: /home/dev_ws/install/serval/share/serval/meshes/upper_leg_link.stl
-- Up-to-date symlink: /home/dev_ws/install/serval/share/ament_index/resource_index/package_run_dependencies/serval
-- Up-to-date symlink: /home/dev_ws/install/serval/share/ament_index/resource_index/parent_prefix_path/serval
-- Up-to-date symlink: /home/dev_ws/install/serval/share/serval/environment/ament_prefix_path.sh
-- Up-to-date symlink: /home/dev_ws/install/serval/share/serval/environment/ament_prefix_path.dsv
-- Up-to-date symlink: /home/dev_ws/install/serval/share/serval/environment/path.sh
-- Up-to-date symlink: /home/dev_ws/install/serval/share/serval/environment/path.dsv
-- Up-to-date symlink: /home/dev_ws/install/serval/share/serval/local_setup.bash
-- Up-to-date symlink: /home/dev_ws/install/serval/share/serval/local_setup.sh
-- Up-to-date symlink: /home/dev_ws/install/serval/share/serval/local_setup.zsh
-- Up-to-date symlink: /home/dev_ws/install/serval/share/serval/local_setup.dsv
-- Symlinking: /home/dev_ws/install/serval/share/serval/package.dsv
-- Up-to-date symlink: /home/dev_ws/install/serval/share/ament_index/resource_index/packages/serval
-- Up-to-date symlink: /home/dev_ws/install/serval/share/serval/cmake/servalConfig.cmake
-- Up-to-date symlink: /home/dev_ws/install/serval/share/serval/cmake/servalConfig-version.cmake
-- Up-to-date symlink: /home/dev_ws/install/serval/share/serval/package.xml
