[0.006s] Invoking command in '/home/dev_ws/build/serval': CMAKE_PREFIX_PATH=${CMAKE_PREFIX_PATH}:/opt/ros/kilted DEBUGINFOD_URLS=https://debuginfod.ubuntu.com /usr/bin/cmake --build /home/dev_ws/build/serval -- -j16 -l16
[0.022s] -- Found ament_cmake: 2.7.3 (/opt/ros/kilted/share/ament_cmake/cmake)
[0.143s] -- Override CMake install command with custom implementation using symlinks instead of copying resources
[0.148s] -- Found rclpy: 9.1.2 (/opt/ros/kilted/share/rclpy/cmake)
[0.148s] -- Found ament_lint_auto: 0.19.2 (/opt/ros/kilted/share/ament_lint_auto/cmake)
[0.199s] [31mCMake Error at /opt/ros/kilted/share/ament_cmake_core/cmake/symlink_install/install.cmake:43 (_install):
[0.199s]   _install does not recognize sub-command PROGRAM
[0.199s] Call Stack (most recent call first):
[0.199s]   CMakeLists.txt:41 (install)
[0.199s] 
[0.199s] [0m
[0.201s] -- Added test 'copyright' to check source files copyright and LICENSE
[0.203s] -- Added test 'flake8' to check Python code syntax and style conventions
[0.203s] -- Configured 'flake8' exclude dirs and/or files: 
[0.203s] -- Added test 'lint_cmake' to check CMake code style
[0.203s] -- Added test 'pep257' to check Python code against some of the docstring style conventions in PEP 257
[0.204s] -- Added test 'xmllint' to check XML markup files
[0.204s] -- Configuring incomplete, errors occurred!
[0.207s] gmake: *** [Makefile:226: cmake_check_build_system] Error 1
[0.208s] Invoked command in '/home/dev_ws/build/serval' returned '2': CMAKE_PREFIX_PATH=${CMAKE_PREFIX_PATH}:/opt/ros/kilted DEBUGINFOD_URLS=https://debuginfod.ubuntu.com /usr/bin/cmake --build /home/dev_ws/build/serval -- -j16 -l16
