[0.004s] Invoking command in '/home/dev_ws/build/serval': DEBUGINFOD_URLS=https://debuginfod.ubuntu.com /usr/bin/cmake /home/dev_ws/src/serval -DCMAKE_INSTALL_PREFIX=/home/dev_ws/install/serval
[0.013s] -- Found ament_cmake: 2.7.3 (/opt/ros/kilted/share/ament_cmake/cmake)
[0.998s] Traceback (most recent call last):
[0.998s]   File "/opt/ros/kilted/share/ament_cmake_core/cmake/package_templates/templates_2_cmake.py", line 21, in <module>
[0.998s]     from ament_package.templates import get_environment_hook_template_path
[0.998s] ModuleNotFoundError: No module named 'ament_package'
[1.017s] [31mCMake Error at /opt/ros/kilted/share/ament_cmake_core/cmake/ament_cmake_package_templates-extras.cmake:41 (message):
[1.017s]   execute_process(/usr/bin/python3
[1.017s]   /opt/ros/kilted/share/ament_cmake_core/cmake/package_templates/templates_2_cmake.py
[1.017s]   /home/dev_ws/build/serval/ament_cmake_package_templates/templates.cmake)
[1.017s]   returned error code 1
[1.017s] Call Stack (most recent call first):
[1.017s]   /opt/ros/kilted/share/ament_cmake_core/cmake/ament_cmake_coreConfig.cmake:41 (include)
[1.017s]   /opt/ros/kilted/share/ament_cmake/cmake/ament_cmake_export_dependencies-extras.cmake:15 (find_package)
[1.017s]   /opt/ros/kilted/share/ament_cmake/cmake/ament_cmakeConfig.cmake:41 (include)
[1.017s]   CMakeLists.txt:19 (find_package)
[1.017s] 
[1.017s] [0m
[1.017s] -- Configuring incomplete, errors occurred!
[1.019s] Invoked command in '/home/dev_ws/build/serval' returned '1': DEBUGINFOD_URLS=https://debuginfod.ubuntu.com /usr/bin/cmake /home/dev_ws/src/serval -DCMAKE_INSTALL_PREFIX=/home/dev_ws/install/serval
