[0.005s] Invoking command in '/home/dev_ws/build/serval': CMAKE_PREFIX_PATH=${CMAKE_PREFIX_PATH}:/opt/ros/kilted DEBUGINFOD_URLS=https://debuginfod.ubuntu.com /usr/bin/cmake /home/dev_ws/src/serval -DAMENT_CMAKE_SYMLINK_INSTALL=1 -DCMAKE_INSTALL_PREFIX=/home/dev_ws/install/serval
[0.071s] -- The C compiler identification is GNU 13.3.0
[0.106s] -- The CXX compiler identification is GNU 13.3.0
[0.117s] -- Detecting C compiler ABI info
[0.173s] -- Detecting C compiler ABI info - done
[0.178s] -- Check for working C compiler: /usr/bin/cc - skipped
[0.179s] -- Detecting C compile features
[0.179s] -- Detecting C compile features - done
[0.184s] -- Detecting CXX compiler ABI info
[0.246s] -- Detecting CXX compiler ABI info - done
[0.252s] -- Check for working CXX compiler: /usr/bin/c++ - skipped
[0.252s] -- Detecting CXX compile features
[0.252s] -- Detecting CXX compile features - done
[0.254s] -- Found ament_cmake: 2.7.3 (/opt/ros/kilted/share/ament_cmake/cmake)
[0.340s] -- Found Python3: /usr/bin/python3 (found version "3.12.3") found components: Interpreter 
[0.382s] -- Override CMake install command with custom implementation using symlinks instead of copying resources
[0.403s] -- Found rclpy: 9.1.2 (/opt/ros/kilted/share/rclpy/cmake)
[0.404s] -- Found ament_lint_auto: 0.19.2 (/opt/ros/kilted/share/ament_lint_auto/cmake)
[0.468s] -- Added test 'copyright' to check source files copyright and LICENSE
[0.470s] -- Added test 'flake8' to check Python code syntax and style conventions
[0.470s] -- Configured 'flake8' exclude dirs and/or files: 
[0.471s] -- Added test 'lint_cmake' to check CMake code style
[0.471s] -- Added test 'pep257' to check Python code against some of the docstring style conventions in PEP 257
[0.472s] -- Added test 'xmllint' to check XML markup files
[0.473s] -- Configuring done (0.5s)
[0.476s] -- Generating done (0.0s)
[0.477s] -- Build files have been written to: /home/dev_ws/build/serval
[0.480s] Invoked command in '/home/dev_ws/build/serval' returned '0': CMAKE_PREFIX_PATH=${CMAKE_PREFIX_PATH}:/opt/ros/kilted DEBUGINFOD_URLS=https://debuginfod.ubuntu.com /usr/bin/cmake /home/dev_ws/src/serval -DAMENT_CMAKE_SYMLINK_INSTALL=1 -DCMAKE_INSTALL_PREFIX=/home/dev_ws/install/serval
[0.481s] Invoking command in '/home/dev_ws/build/serval': CMAKE_PREFIX_PATH=${CMAKE_PREFIX_PATH}:/opt/ros/kilted DEBUGINFOD_URLS=https://debuginfod.ubuntu.com /usr/bin/cmake --build /home/dev_ws/build/serval -- -j16 -l16
[0.506s] Invoked command in '/home/dev_ws/build/serval' returned '0': CMAKE_PREFIX_PATH=${CMAKE_PREFIX_PATH}:/opt/ros/kilted DEBUGINFOD_URLS=https://debuginfod.ubuntu.com /usr/bin/cmake --build /home/dev_ws/build/serval -- -j16 -l16
[0.512s] Invoking command in '/home/dev_ws/build/serval': CMAKE_PREFIX_PATH=${CMAKE_PREFIX_PATH}:/opt/ros/kilted DEBUGINFOD_URLS=https://debuginfod.ubuntu.com /usr/bin/cmake --install /home/dev_ws/build/serval
[0.516s] -- Install configuration: ""
[0.517s] -- Execute custom install script
[0.517s] -- Symlinking: /home/dev_ws/install/serval/share/serval/launch/serval.launch.py
[0.523s] -- Symlinking: /home/dev_ws/install/serval/share/serval/description/serval.urdf.xacro
[0.529s] -- Symlinking: /home/dev_ws/install/serval/share/serval/meshes/base_link.stl
[0.535s] -- Symlinking: /home/dev_ws/install/serval/share/serval/meshes/foot_link.stl
[0.540s] -- Symlinking: /home/dev_ws/install/serval/share/serval/meshes/hip_link.stl
[0.546s] -- Symlinking: /home/dev_ws/install/serval/share/serval/meshes/lower_leg_link.stl
[0.551s] -- Symlinking: /home/dev_ws/install/serval/share/serval/meshes/upper_leg_link.stl
[0.557s] -- Symlinking: /home/dev_ws/install/serval/share/ament_index/resource_index/package_run_dependencies/serval
[0.562s] -- Symlinking: /home/dev_ws/install/serval/share/ament_index/resource_index/parent_prefix_path/serval
[0.567s] -- Symlinking: /home/dev_ws/install/serval/share/serval/environment/ament_prefix_path.sh
[0.573s] -- Symlinking: /home/dev_ws/install/serval/share/serval/environment/ament_prefix_path.dsv
[0.578s] -- Symlinking: /home/dev_ws/install/serval/share/serval/environment/path.sh
[0.584s] -- Symlinking: /home/dev_ws/install/serval/share/serval/environment/path.dsv
[0.589s] -- Symlinking: /home/dev_ws/install/serval/share/serval/local_setup.bash
[0.595s] -- Symlinking: /home/dev_ws/install/serval/share/serval/local_setup.sh
[0.600s] -- Symlinking: /home/dev_ws/install/serval/share/serval/local_setup.zsh
[0.606s] -- Symlinking: /home/dev_ws/install/serval/share/serval/local_setup.dsv
[0.611s] -- Symlinking: /home/dev_ws/install/serval/share/serval/package.dsv
[0.617s] -- Symlinking: /home/dev_ws/install/serval/share/ament_index/resource_index/packages/serval
[0.622s] -- Symlinking: /home/dev_ws/install/serval/share/serval/cmake/servalConfig.cmake
[0.628s] -- Symlinking: /home/dev_ws/install/serval/share/serval/cmake/servalConfig-version.cmake
[0.634s] -- Symlinking: /home/dev_ws/install/serval/share/serval/package.xml
[0.641s] Invoked command in '/home/dev_ws/build/serval' returned '0': CMAKE_PREFIX_PATH=${CMAKE_PREFIX_PATH}:/opt/ros/kilted DEBUGINFOD_URLS=https://debuginfod.ubuntu.com /usr/bin/cmake --install /home/dev_ws/build/serval
