[0.005s] Invoking command in '/home/dev_ws/build/serval': CMAKE_PREFIX_PATH=${CMAKE_PREFIX_PATH}:/opt/ros/kilted DEBUGINFOD_URLS=https://debuginfod.ubuntu.com /usr/bin/cmake /home/dev_ws/src/serval -DCMAKE_INSTALL_PREFIX=/home/dev_ws/install/serval
[0.014s] -- Found ament_cmake: 2.7.3 (/opt/ros/kilted/share/ament_cmake/cmake)
[0.135s] -- Override CMake install command with custom implementation using symlinks instead of copying resources
[0.139s] -- Found rclpy: 9.1.2 (/opt/ros/kilted/share/rclpy/cmake)
[0.139s] -- Found ament_lint_auto: 0.19.2 (/opt/ros/kilted/share/ament_lint_auto/cmake)
[0.194s] -- Added test 'copyright' to check source files copyright and LICENSE
[0.196s] -- Added test 'flake8' to check Python code syntax and style conventions
[0.196s] -- Configured 'flake8' exclude dirs and/or files: 
[0.196s] -- Added test 'lint_cmake' to check CMake code style
[0.196s] -- Added test 'pep257' to check Python code against some of the docstring style conventions in PEP 257
[0.197s] -- Added test 'xmllint' to check XML markup files
[0.198s] -- Configuring done (0.2s)
[0.201s] -- Generating done (0.0s)
[0.203s] -- Build files have been written to: /home/dev_ws/build/serval
[0.205s] Invoked command in '/home/dev_ws/build/serval' returned '0': CMAKE_PREFIX_PATH=${CMAKE_PREFIX_PATH}:/opt/ros/kilted DEBUGINFOD_URLS=https://debuginfod.ubuntu.com /usr/bin/cmake /home/dev_ws/src/serval -DCMAKE_INSTALL_PREFIX=/home/dev_ws/install/serval
[0.206s] Invoking command in '/home/dev_ws/build/serval': CMAKE_PREFIX_PATH=${CMAKE_PREFIX_PATH}:/opt/ros/kilted DEBUGINFOD_URLS=https://debuginfod.ubuntu.com /usr/bin/cmake --build /home/dev_ws/build/serval -- -j16 -l16
[0.232s] Invoked command in '/home/dev_ws/build/serval' returned '0': CMAKE_PREFIX_PATH=${CMAKE_PREFIX_PATH}:/opt/ros/kilted DEBUGINFOD_URLS=https://debuginfod.ubuntu.com /usr/bin/cmake --build /home/dev_ws/build/serval -- -j16 -l16
[0.238s] Invoking command in '/home/dev_ws/build/serval': CMAKE_PREFIX_PATH=${CMAKE_PREFIX_PATH}:/opt/ros/kilted DEBUGINFOD_URLS=https://debuginfod.ubuntu.com /usr/bin/cmake --install /home/dev_ws/build/serval
[0.243s] -- Install configuration: ""
[0.243s] -- Execute custom install script
[0.243s] -- Up-to-date symlink: /home/dev_ws/install/serval/lib/serval/joint_teleop.py
[0.243s] -- Up-to-date symlink: /home/dev_ws/install/serval/share/serval/launch/serval.launch.py
[0.243s] -- Up-to-date symlink: /home/dev_ws/install/serval/share/serval/description/serval.urdf.xacro
[0.243s] -- Up-to-date symlink: /home/dev_ws/install/serval/share/serval/config/serval_control.yaml
[0.244s] -- Up-to-date symlink: /home/dev_ws/install/serval/share/serval/meshes/base_link.stl
[0.244s] -- Up-to-date symlink: /home/dev_ws/install/serval/share/serval/meshes/foot_link.stl
[0.244s] -- Up-to-date symlink: /home/dev_ws/install/serval/share/serval/meshes/hip_link.stl
[0.244s] -- Up-to-date symlink: /home/dev_ws/install/serval/share/serval/meshes/lower_leg_link.stl
[0.244s] -- Up-to-date symlink: /home/dev_ws/install/serval/share/serval/meshes/upper_leg_link.stl
[0.244s] -- Up-to-date symlink: /home/dev_ws/install/serval/share/ament_index/resource_index/package_run_dependencies/serval
[0.244s] -- Up-to-date symlink: /home/dev_ws/install/serval/share/ament_index/resource_index/parent_prefix_path/serval
[0.244s] -- Up-to-date symlink: /home/dev_ws/install/serval/share/serval/environment/ament_prefix_path.sh
[0.244s] -- Up-to-date symlink: /home/dev_ws/install/serval/share/serval/environment/ament_prefix_path.dsv
[0.244s] -- Up-to-date symlink: /home/dev_ws/install/serval/share/serval/environment/path.sh
[0.244s] -- Up-to-date symlink: /home/dev_ws/install/serval/share/serval/environment/path.dsv
[0.245s] -- Up-to-date symlink: /home/dev_ws/install/serval/share/serval/local_setup.bash
[0.245s] -- Up-to-date symlink: /home/dev_ws/install/serval/share/serval/local_setup.sh
[0.245s] -- Up-to-date symlink: /home/dev_ws/install/serval/share/serval/local_setup.zsh
[0.245s] -- Up-to-date symlink: /home/dev_ws/install/serval/share/serval/local_setup.dsv
[0.245s] -- Symlinking: /home/dev_ws/install/serval/share/serval/package.dsv
[0.251s] -- Up-to-date symlink: /home/dev_ws/install/serval/share/ament_index/resource_index/packages/serval
[0.251s] -- Up-to-date symlink: /home/dev_ws/install/serval/share/serval/cmake/servalConfig.cmake
[0.251s] -- Up-to-date symlink: /home/dev_ws/install/serval/share/serval/cmake/servalConfig-version.cmake
[0.251s] -- Up-to-date symlink: /home/dev_ws/install/serval/share/serval/package.xml
[0.252s] Invoked command in '/home/dev_ws/build/serval' returned '0': CMAKE_PREFIX_PATH=${CMAKE_PREFIX_PATH}:/opt/ros/kilted DEBUGINFOD_URLS=https://debuginfod.ubuntu.com /usr/bin/cmake --install /home/dev_ws/build/serval
