[0.004s] Invoking command in '/home/dev_ws/build/serval': DEBUGINFOD_URLS=https://debuginfod.ubuntu.com /usr/bin/cmake --build /home/dev_ws/build/serval -- -j16 -l16
[0.027s] Invoked command in '/home/dev_ws/build/serval' returned '0': DEBUGINFOD_URLS=https://debuginfod.ubuntu.com /usr/bin/cmake --build /home/dev_ws/build/serval -- -j16 -l16
[0.032s] Invoking command in '/home/dev_ws/build/serval': DEBUGINFOD_URLS=https://debuginfod.ubuntu.com /usr/bin/cmake --install /home/dev_ws/build/serval
[0.036s] -- Install configuration: ""
[0.037s] -- Execute custom install script
[0.037s] -- Up-to-date symlink: /home/dev_ws/install/serval/share/serval/launch/serval.launch.py
[0.037s] -- Up-to-date symlink: /home/dev_ws/install/serval/share/serval/description/serval.urdf.xacro
[0.037s] -- Up-to-date symlink: /home/dev_ws/install/serval/share/serval/config/serval_control.yaml
[0.037s] -- Up-to-date symlink: /home/dev_ws/install/serval/share/serval/meshes/base_link.stl
[0.037s] -- Up-to-date symlink: /home/dev_ws/install/serval/share/serval/meshes/foot_link.stl
[0.037s] -- Up-to-date symlink: /home/dev_ws/install/serval/share/serval/meshes/hip_link.stl
[0.037s] -- Up-to-date symlink: /home/dev_ws/install/serval/share/serval/meshes/lower_leg_link.stl
[0.037s] -- Up-to-date symlink: /home/dev_ws/install/serval/share/serval/meshes/upper_leg_link.stl
[0.037s] -- Up-to-date symlink: /home/dev_ws/install/serval/share/ament_index/resource_index/package_run_dependencies/serval
[0.038s] -- Up-to-date symlink: /home/dev_ws/install/serval/share/ament_index/resource_index/parent_prefix_path/serval
[0.038s] -- Up-to-date symlink: /home/dev_ws/install/serval/share/serval/environment/ament_prefix_path.sh
[0.038s] -- Up-to-date symlink: /home/dev_ws/install/serval/share/serval/environment/ament_prefix_path.dsv
[0.038s] -- Up-to-date symlink: /home/dev_ws/install/serval/share/serval/environment/path.sh
[0.038s] -- Up-to-date symlink: /home/dev_ws/install/serval/share/serval/environment/path.dsv
[0.038s] -- Up-to-date symlink: /home/dev_ws/install/serval/share/serval/local_setup.bash
[0.038s] -- Up-to-date symlink: /home/dev_ws/install/serval/share/serval/local_setup.sh
[0.038s] -- Up-to-date symlink: /home/dev_ws/install/serval/share/serval/local_setup.zsh
[0.039s] -- Up-to-date symlink: /home/dev_ws/install/serval/share/serval/local_setup.dsv
[0.039s] -- Symlinking: /home/dev_ws/install/serval/share/serval/package.dsv
[0.044s] -- Up-to-date symlink: /home/dev_ws/install/serval/share/ament_index/resource_index/packages/serval
[0.044s] -- Up-to-date symlink: /home/dev_ws/install/serval/share/serval/cmake/servalConfig.cmake
[0.044s] -- Up-to-date symlink: /home/dev_ws/install/serval/share/serval/cmake/servalConfig-version.cmake
[0.044s] -- Up-to-date symlink: /home/dev_ws/install/serval/share/serval/package.xml
[0.044s] -- Up-to-date: /home/dev_ws/install/serval/lib/serval/joint_teleop
[0.044s] -- Up-to-date: /home/dev_ws/install/serval/lib/serval/joint_states_publisher
[0.046s] Invoked command in '/home/dev_ws/build/serval' returned '0': DEBUGINFOD_URLS=https://debuginfod.ubuntu.com /usr/bin/cmake --install /home/dev_ws/build/serval
