[0.006s] Invoking command in '/home/dev_ws/build/serval': CMAKE_PREFIX_PATH=${CMAKE_PREFIX_PATH}:/opt/ros/kilted DEBUGINFOD_URLS=https://debuginfod.ubuntu.com /usr/bin/cmake /home/dev_ws/src/serval -DAMENT_CMAKE_SYMLINK_INSTALL=1 -DCMAKE_INSTALL_PREFIX=/home/dev_ws/install/serval
[0.072s] -- The C compiler identification is GNU 13.3.0
[0.108s] -- The CXX compiler identification is GNU 13.3.0
[0.119s] -- Detecting C compiler ABI info
[0.176s] -- Detecting C compiler ABI info - done
[0.181s] -- Check for working C compiler: /usr/bin/cc - skipped
[0.181s] -- Detecting C compile features
[0.182s] -- Detecting C compile features - done
[0.188s] -- Detecting CXX compiler ABI info
[0.252s] -- Detecting CXX compiler ABI info - done
[0.258s] -- Check for working CXX compiler: /usr/bin/c++ - skipped
[0.258s] -- Detecting CXX compile features
[0.258s] -- Detecting CXX compile features - done
[0.260s] -- Found ament_cmake: 2.7.3 (/opt/ros/kilted/share/ament_cmake/cmake)
[0.349s] -- Found Python3: /usr/bin/python3 (found version "3.12.3") found components: Interpreter 
[0.392s] -- Override CMake install command with custom implementation using symlinks instead of copying resources
[0.414s] -- Found rclpy: 9.1.2 (/opt/ros/kilted/share/rclpy/cmake)
[0.415s] -- Found ament_lint_auto: 0.19.2 (/opt/ros/kilted/share/ament_lint_auto/cmake)
[0.480s] -- Added test 'copyright' to check source files copyright and LICENSE
[0.481s] -- Added test 'flake8' to check Python code syntax and style conventions
[0.481s] -- Configured 'flake8' exclude dirs and/or files: 
[0.482s] -- Added test 'lint_cmake' to check CMake code style
[0.482s] -- Added test 'pep257' to check Python code against some of the docstring style conventions in PEP 257
[0.483s] -- Added test 'xmllint' to check XML markup files
[0.484s] -- Configuring done (0.5s)
[0.487s] -- Generating done (0.0s)
[0.488s] -- Build files have been written to: /home/dev_ws/build/serval
[0.491s] Invoked command in '/home/dev_ws/build/serval' returned '0': CMAKE_PREFIX_PATH=${CMAKE_PREFIX_PATH}:/opt/ros/kilted DEBUGINFOD_URLS=https://debuginfod.ubuntu.com /usr/bin/cmake /home/dev_ws/src/serval -DAMENT_CMAKE_SYMLINK_INSTALL=1 -DCMAKE_INSTALL_PREFIX=/home/dev_ws/install/serval
[0.492s] Invoking command in '/home/dev_ws/build/serval': CMAKE_PREFIX_PATH=${CMAKE_PREFIX_PATH}:/opt/ros/kilted DEBUGINFOD_URLS=https://debuginfod.ubuntu.com /usr/bin/cmake --build /home/dev_ws/build/serval -- -j16 -l16
[0.519s] Invoked command in '/home/dev_ws/build/serval' returned '0': CMAKE_PREFIX_PATH=${CMAKE_PREFIX_PATH}:/opt/ros/kilted DEBUGINFOD_URLS=https://debuginfod.ubuntu.com /usr/bin/cmake --build /home/dev_ws/build/serval -- -j16 -l16
[0.525s] Invoking command in '/home/dev_ws/build/serval': CMAKE_PREFIX_PATH=${CMAKE_PREFIX_PATH}:/opt/ros/kilted DEBUGINFOD_URLS=https://debuginfod.ubuntu.com /usr/bin/cmake --install /home/dev_ws/build/serval
[0.530s] -- Install configuration: ""
[0.530s] -- Execute custom install script
[0.530s] -- Symlinking: /home/dev_ws/install/serval/lib/serval/joystick_control.py
[0.536s] -- Symlinking: /home/dev_ws/install/serval/share/serval/config/serval_controllers.yaml
[0.541s] -- Symlinking: /home/dev_ws/install/serval/share/serval/launch/serval.launch.py
[0.546s] -- Symlinking: /home/dev_ws/install/serval/share/serval/meshes/base_link.stl
[0.551s] -- Symlinking: /home/dev_ws/install/serval/share/serval/meshes/foot_link.stl
[0.557s] -- Symlinking: /home/dev_ws/install/serval/share/serval/meshes/hip_link.stl
[0.562s] -- Symlinking: /home/dev_ws/install/serval/share/serval/meshes/lower_leg_link.stl
[0.568s] -- Symlinking: /home/dev_ws/install/serval/share/serval/meshes/upper_leg_link.stl
[0.573s] -- Symlinking: /home/dev_ws/install/serval/share/ament_index/resource_index/package_run_dependencies/serval
[0.578s] -- Symlinking: /home/dev_ws/install/serval/share/ament_index/resource_index/parent_prefix_path/serval
[0.584s] -- Symlinking: /home/dev_ws/install/serval/share/serval/environment/ament_prefix_path.sh
[0.590s] -- Symlinking: /home/dev_ws/install/serval/share/serval/environment/ament_prefix_path.dsv
[0.595s] -- Symlinking: /home/dev_ws/install/serval/share/serval/environment/path.sh
[0.601s] -- Symlinking: /home/dev_ws/install/serval/share/serval/environment/path.dsv
[0.606s] -- Symlinking: /home/dev_ws/install/serval/share/serval/local_setup.bash
[0.611s] -- Symlinking: /home/dev_ws/install/serval/share/serval/local_setup.sh
[0.617s] -- Symlinking: /home/dev_ws/install/serval/share/serval/local_setup.zsh
[0.623s] -- Symlinking: /home/dev_ws/install/serval/share/serval/local_setup.dsv
[0.628s] -- Symlinking: /home/dev_ws/install/serval/share/serval/package.dsv
[0.634s] -- Symlinking: /home/dev_ws/install/serval/share/ament_index/resource_index/packages/serval
[0.639s] -- Symlinking: /home/dev_ws/install/serval/share/serval/cmake/servalConfig.cmake
[0.645s] -- Symlinking: /home/dev_ws/install/serval/share/serval/cmake/servalConfig-version.cmake
[0.650s] -- Symlinking: /home/dev_ws/install/serval/share/serval/package.xml
[0.657s] Invoked command in '/home/dev_ws/build/serval' returned '0': CMAKE_PREFIX_PATH=${CMAKE_PREFIX_PATH}:/opt/ros/kilted DEBUGINFOD_URLS=https://debuginfod.ubuntu.com /usr/bin/cmake --install /home/dev_ws/build/serval
