[0.005s] Invoking command in '/home/dev_ws/build/serval': CMAKE_PREFIX_PATH=${CMAKE_PREFIX_PATH}:/opt/ros/kilted DEBUGINFOD_URLS=https://debuginfod.ubuntu.com /usr/bin/cmake /home/dev_ws/src/serval -DCMAKE_INSTALL_PREFIX=/home/dev_ws/install/serval
[0.040s] -- The C compiler identification is GNU 13.3.0
[0.076s] -- The CXX compiler identification is GNU 13.3.0
[0.086s] -- Detecting C compiler ABI info
[0.143s] -- Detecting C compiler ABI info - done
[0.149s] -- Check for working C compiler: /usr/bin/cc - skipped
[0.149s] -- Detecting C compile features
[0.149s] -- Detecting C compile features - done
[0.155s] -- Detecting CXX compiler ABI info
[0.219s] -- Detecting CXX compiler ABI info - done
[0.225s] -- Check for working CXX compiler: /usr/bin/c++ - skipped
[0.225s] -- Detecting CXX compile features
[0.225s] -- Detecting CXX compile features - done
[0.227s] -- Found ament_cmake: 2.7.3 (/opt/ros/kilted/share/ament_cmake/cmake)
[0.315s] -- Found Python3: /usr/bin/python3 (found version "3.12.3") found components: Interpreter 
[0.379s] -- Found rclpy: 9.1.2 (/opt/ros/kilted/share/rclpy/cmake)
[0.380s] -- Found ament_lint_auto: 0.19.2 (/opt/ros/kilted/share/ament_lint_auto/cmake)
[0.445s] -- Added test 'copyright' to check source files copyright and LICENSE
[0.447s] -- Added test 'flake8' to check Python code syntax and style conventions
[0.447s] -- Configured 'flake8' exclude dirs and/or files: 
[0.447s] -- Added test 'lint_cmake' to check CMake code style
[0.447s] -- Added test 'pep257' to check Python code against some of the docstring style conventions in PEP 257
[0.448s] -- Added test 'xmllint' to check XML markup files
[0.449s] -- Configuring done (0.4s)
[0.451s] -- Generating done (0.0s)
[0.452s] -- Build files have been written to: /home/dev_ws/build/serval
[0.455s] Invoked command in '/home/dev_ws/build/serval' returned '0': CMAKE_PREFIX_PATH=${CMAKE_PREFIX_PATH}:/opt/ros/kilted DEBUGINFOD_URLS=https://debuginfod.ubuntu.com /usr/bin/cmake /home/dev_ws/src/serval -DCMAKE_INSTALL_PREFIX=/home/dev_ws/install/serval
[0.456s] Invoking command in '/home/dev_ws/build/serval': CMAKE_PREFIX_PATH=${CMAKE_PREFIX_PATH}:/opt/ros/kilted DEBUGINFOD_URLS=https://debuginfod.ubuntu.com /usr/bin/cmake --build /home/dev_ws/build/serval -- -j16 -l16
[0.481s] Invoked command in '/home/dev_ws/build/serval' returned '0': CMAKE_PREFIX_PATH=${CMAKE_PREFIX_PATH}:/opt/ros/kilted DEBUGINFOD_URLS=https://debuginfod.ubuntu.com /usr/bin/cmake --build /home/dev_ws/build/serval -- -j16 -l16
[0.487s] Invoking command in '/home/dev_ws/build/serval': CMAKE_PREFIX_PATH=${CMAKE_PREFIX_PATH}:/opt/ros/kilted DEBUGINFOD_URLS=https://debuginfod.ubuntu.com /usr/bin/cmake --install /home/dev_ws/build/serval
[0.492s] -- Install configuration: ""
[0.492s] -- Installing: /home/dev_ws/install/serval/lib/serval/joint_teleop
[0.492s] -- Installing: /home/dev_ws/install/serval/lib/serval/joint_states_publisher
[0.492s] -- Installing: /home/dev_ws/install/serval/share/serval/launch
[0.492s] -- Installing: /home/dev_ws/install/serval/share/serval/launch/serval.launch.py
[0.492s] -- Installing: /home/dev_ws/install/serval/share/serval/description
[0.492s] -- Installing: /home/dev_ws/install/serval/share/serval/description/serval.urdf.xacro
[0.492s] -- Installing: /home/dev_ws/install/serval/share/serval/config
[0.492s] -- Installing: /home/dev_ws/install/serval/share/serval/config/serval_control.yaml
[0.492s] -- Installing: /home/dev_ws/install/serval/share/serval/meshes
[0.492s] -- Installing: /home/dev_ws/install/serval/share/serval/meshes/foot_link.stl
[0.492s] -- Installing: /home/dev_ws/install/serval/share/serval/meshes/hip_link.stl
[0.492s] -- Installing: /home/dev_ws/install/serval/share/serval/meshes/upper_leg_link.stl
[0.493s] -- Installing: /home/dev_ws/install/serval/share/serval/meshes/lower_leg_link.stl
[0.493s] -- Installing: /home/dev_ws/install/serval/share/serval/meshes/base_link.stl
[0.496s] -- Installing: /home/dev_ws/install/serval/share/ament_index/resource_index/package_run_dependencies/serval
[0.497s] -- Installing: /home/dev_ws/install/serval/share/ament_index/resource_index/parent_prefix_path/serval
[0.497s] -- Installing: /home/dev_ws/install/serval/share/serval/environment/ament_prefix_path.sh
[0.497s] -- Installing: /home/dev_ws/install/serval/share/serval/environment/ament_prefix_path.dsv
[0.497s] -- Installing: /home/dev_ws/install/serval/share/serval/environment/path.sh
[0.497s] -- Installing: /home/dev_ws/install/serval/share/serval/environment/path.dsv
[0.497s] -- Installing: /home/dev_ws/install/serval/share/serval/local_setup.bash
[0.497s] -- Installing: /home/dev_ws/install/serval/share/serval/local_setup.sh
[0.498s] -- Installing: /home/dev_ws/install/serval/share/serval/local_setup.zsh
[0.498s] -- Installing: /home/dev_ws/install/serval/share/serval/local_setup.dsv
[0.498s] -- Installing: /home/dev_ws/install/serval/share/serval/package.dsv
[0.498s] -- Installing: /home/dev_ws/install/serval/share/ament_index/resource_index/packages/serval
[0.498s] -- Installing: /home/dev_ws/install/serval/share/serval/cmake/servalConfig.cmake
[0.498s] -- Installing: /home/dev_ws/install/serval/share/serval/cmake/servalConfig-version.cmake
[0.498s] -- Installing: /home/dev_ws/install/serval/share/serval/package.xml
[0.499s] Invoked command in '/home/dev_ws/build/serval' returned '0': CMAKE_PREFIX_PATH=${CMAKE_PREFIX_PATH}:/opt/ros/kilted DEBUGINFOD_URLS=https://debuginfod.ubuntu.com /usr/bin/cmake --install /home/dev_ws/build/serval
