[0.006s] Invoking command in '/home/dev_ws/build/serval': CMAKE_PREFIX_PATH=${CMAKE_PREFIX_PATH}:/opt/ros/kilted DEBUGINFOD_URLS=https://debuginfod.ubuntu.com /usr/bin/cmake /home/dev_ws/src/serval -DAMENT_CMAKE_SYMLINK_INSTALL=1 -DCMAKE_INSTALL_PREFIX=/home/dev_ws/install/serval
[0.072s] -- The C compiler identification is GNU 13.3.0
[0.107s] -- The CXX compiler identification is GNU 13.3.0
[0.117s] -- Detecting C compiler ABI info
[0.173s] -- Detecting C compiler ABI info - done
[0.178s] -- Check for working C compiler: /usr/bin/cc - skipped
[0.178s] -- Detecting C compile features
[0.179s] -- Detecting C compile features - done
[0.184s] -- Detecting CXX compiler ABI info
[0.249s] -- Detecting CXX compiler ABI info - done
[0.254s] -- Check for working CXX compiler: /usr/bin/c++ - skipped
[0.254s] -- Detecting CXX compile features
[0.254s] -- Detecting CXX compile features - done
[0.256s] -- Found ament_cmake: 2.7.3 (/opt/ros/kilted/share/ament_cmake/cmake)
[0.344s] -- Found Python3: /usr/bin/python3 (found version "3.12.3") found components: Interpreter 
[0.385s] -- Override CMake install command with custom implementation using symlinks instead of copying resources
[0.406s] -- Found rclpy: 9.1.2 (/opt/ros/kilted/share/rclpy/cmake)
[0.407s] -- Found ament_lint_auto: 0.19.2 (/opt/ros/kilted/share/ament_lint_auto/cmake)
[0.472s] -- Added test 'copyright' to check source files copyright and LICENSE
[0.473s] -- Added test 'flake8' to check Python code syntax and style conventions
[0.473s] -- Configured 'flake8' exclude dirs and/or files: 
[0.474s] -- Added test 'lint_cmake' to check CMake code style
[0.474s] -- Added test 'pep257' to check Python code against some of the docstring style conventions in PEP 257
[0.475s] -- Added test 'xmllint' to check XML markup files
[0.476s] -- Configuring done (0.5s)
[0.479s] -- Generating done (0.0s)
[0.480s] -- Build files have been written to: /home/dev_ws/build/serval
[0.483s] Invoked command in '/home/dev_ws/build/serval' returned '0': CMAKE_PREFIX_PATH=${CMAKE_PREFIX_PATH}:/opt/ros/kilted DEBUGINFOD_URLS=https://debuginfod.ubuntu.com /usr/bin/cmake /home/dev_ws/src/serval -DAMENT_CMAKE_SYMLINK_INSTALL=1 -DCMAKE_INSTALL_PREFIX=/home/dev_ws/install/serval
[0.484s] Invoking command in '/home/dev_ws/build/serval': CMAKE_PREFIX_PATH=${CMAKE_PREFIX_PATH}:/opt/ros/kilted DEBUGINFOD_URLS=https://debuginfod.ubuntu.com /usr/bin/cmake --build /home/dev_ws/build/serval -- -j16 -l16
[0.509s] Invoked command in '/home/dev_ws/build/serval' returned '0': CMAKE_PREFIX_PATH=${CMAKE_PREFIX_PATH}:/opt/ros/kilted DEBUGINFOD_URLS=https://debuginfod.ubuntu.com /usr/bin/cmake --build /home/dev_ws/build/serval -- -j16 -l16
[0.515s] Invoking command in '/home/dev_ws/build/serval': CMAKE_PREFIX_PATH=${CMAKE_PREFIX_PATH}:/opt/ros/kilted DEBUGINFOD_URLS=https://debuginfod.ubuntu.com /usr/bin/cmake --install /home/dev_ws/build/serval
[0.520s] -- Install configuration: ""
[0.520s] -- Execute custom install script
[0.520s] -- Symlinking: /home/dev_ws/install/serval/lib/serval/joystick_control.py
[0.526s] -- Symlinking: /home/dev_ws/install/serval/share/serval/config/serval_controllers.yaml
[0.532s] -- Symlinking: /home/dev_ws/install/serval/share/serval/launch/serval.launch.py
[0.538s] -- Symlinking: /home/dev_ws/install/serval/share/serval/description/serval.urdf.xacro
[0.544s] -- Symlinking: /home/dev_ws/install/serval/share/serval/meshes/base_link.stl
[0.549s] -- Symlinking: /home/dev_ws/install/serval/share/serval/meshes/foot_link.stl
[0.554s] -- Symlinking: /home/dev_ws/install/serval/share/serval/meshes/hip_link.stl
[0.559s] -- Symlinking: /home/dev_ws/install/serval/share/serval/meshes/lower_leg_link.stl
[0.565s] -- Symlinking: /home/dev_ws/install/serval/share/serval/meshes/upper_leg_link.stl
[0.570s] -- Symlinking: /home/dev_ws/install/serval/share/ament_index/resource_index/package_run_dependencies/serval
[0.576s] -- Symlinking: /home/dev_ws/install/serval/share/ament_index/resource_index/parent_prefix_path/serval
[0.582s] -- Symlinking: /home/dev_ws/install/serval/share/serval/environment/ament_prefix_path.sh
[0.587s] -- Symlinking: /home/dev_ws/install/serval/share/serval/environment/ament_prefix_path.dsv
[0.593s] -- Symlinking: /home/dev_ws/install/serval/share/serval/environment/path.sh
[0.598s] -- Symlinking: /home/dev_ws/install/serval/share/serval/environment/path.dsv
[0.604s] -- Symlinking: /home/dev_ws/install/serval/share/serval/local_setup.bash
[0.610s] -- Symlinking: /home/dev_ws/install/serval/share/serval/local_setup.sh
[0.615s] -- Symlinking: /home/dev_ws/install/serval/share/serval/local_setup.zsh
[0.621s] -- Symlinking: /home/dev_ws/install/serval/share/serval/local_setup.dsv
[0.626s] -- Symlinking: /home/dev_ws/install/serval/share/serval/package.dsv
[0.632s] -- Symlinking: /home/dev_ws/install/serval/share/ament_index/resource_index/packages/serval
[0.638s] -- Symlinking: /home/dev_ws/install/serval/share/serval/cmake/servalConfig.cmake
[0.643s] -- Symlinking: /home/dev_ws/install/serval/share/serval/cmake/servalConfig-version.cmake
[0.648s] -- Symlinking: /home/dev_ws/install/serval/share/serval/package.xml
[0.654s] Invoked command in '/home/dev_ws/build/serval' returned '0': CMAKE_PREFIX_PATH=${CMAKE_PREFIX_PATH}:/opt/ros/kilted DEBUGINFOD_URLS=https://debuginfod.ubuntu.com /usr/bin/cmake --install /home/dev_ws/build/serval
