[0.012s] Invoking command in '/home/dev_ws/build/serval': CMAKE_PREFIX_PATH=${CMAKE_PREFIX_PATH}:/opt/ros/kilted DEBUGINFOD_URLS=https://debuginfod.ubuntu.com /usr/bin/cmake /home/dev_ws/src/serval -DCMAKE_INSTALL_PREFIX=/home/dev_ws/install/serval
[0.053s] -- Found ament_cmake: 2.7.3 (/opt/ros/kilted/share/ament_cmake/cmake)
[0.182s] -- Override CMake install command with custom implementation using symlinks instead of copying resources
[0.196s] -- Found rclpy: 9.1.2 (/opt/ros/kilted/share/rclpy/cmake)
[0.197s] -- Found ament_lint_auto: 0.19.2 (/opt/ros/kilted/share/ament_lint_auto/cmake)
[0.258s] -- Added test 'copyright' to check source files copyright and LICENSE
[0.260s] -- Added test 'flake8' to check Python code syntax and style conventions
[0.260s] -- Configured 'flake8' exclude dirs and/or files: 
[0.261s] -- Added test 'lint_cmake' to check CMake code style
[0.261s] -- Added test 'pep257' to check Python code against some of the docstring style conventions in PEP 257
[0.262s] -- Added test 'xmllint' to check XML markup files
[0.263s] -- Configuring done (0.2s)
[0.271s] -- Generating done (0.0s)
[0.272s] -- Build files have been written to: /home/dev_ws/build/serval
[0.275s] Invoked command in '/home/dev_ws/build/serval' returned '0': CMAKE_PREFIX_PATH=${CMAKE_PREFIX_PATH}:/opt/ros/kilted DEBUGINFOD_URLS=https://debuginfod.ubuntu.com /usr/bin/cmake /home/dev_ws/src/serval -DCMAKE_INSTALL_PREFIX=/home/dev_ws/install/serval
[0.276s] Invoking command in '/home/dev_ws/build/serval': CMAKE_PREFIX_PATH=${CMAKE_PREFIX_PATH}:/opt/ros/kilted DEBUGINFOD_URLS=https://debuginfod.ubuntu.com /usr/bin/cmake --build /home/dev_ws/build/serval -- -j16 -l16
[0.301s] Invoked command in '/home/dev_ws/build/serval' returned '0': CMAKE_PREFIX_PATH=${CMAKE_PREFIX_PATH}:/opt/ros/kilted DEBUGINFOD_URLS=https://debuginfod.ubuntu.com /usr/bin/cmake --build /home/dev_ws/build/serval -- -j16 -l16
[0.307s] Invoking command in '/home/dev_ws/build/serval': CMAKE_PREFIX_PATH=${CMAKE_PREFIX_PATH}:/opt/ros/kilted DEBUGINFOD_URLS=https://debuginfod.ubuntu.com /usr/bin/cmake --install /home/dev_ws/build/serval
[0.312s] -- Install configuration: ""
[0.312s] -- Execute custom install script
[0.312s] -- Up-to-date symlink: /home/dev_ws/install/serval/lib/serval/joystick_control.py
[0.312s] -- Up-to-date symlink: /home/dev_ws/install/serval/share/serval/config/serval_controllers.yaml
[0.313s] -- Up-to-date symlink: /home/dev_ws/install/serval/share/serval/launch/serval.launch.py
[0.313s] -- Up-to-date symlink: /home/dev_ws/install/serval/share/serval/description/serval.urdf.xacro
[0.313s] -- Up-to-date symlink: /home/dev_ws/install/serval/share/serval/meshes/base_link.stl
[0.313s] -- Up-to-date symlink: /home/dev_ws/install/serval/share/serval/meshes/foot_link.stl
[0.313s] -- Up-to-date symlink: /home/dev_ws/install/serval/share/serval/meshes/hip_link.stl
[0.313s] -- Up-to-date symlink: /home/dev_ws/install/serval/share/serval/meshes/lower_leg_link.stl
[0.313s] -- Up-to-date symlink: /home/dev_ws/install/serval/share/serval/meshes/upper_leg_link.stl
[0.313s] -- Up-to-date symlink: /home/dev_ws/install/serval/share/ament_index/resource_index/package_run_dependencies/serval
[0.314s] -- Up-to-date symlink: /home/dev_ws/install/serval/share/ament_index/resource_index/parent_prefix_path/serval
[0.314s] -- Up-to-date symlink: /home/dev_ws/install/serval/share/serval/environment/ament_prefix_path.sh
[0.314s] -- Up-to-date symlink: /home/dev_ws/install/serval/share/serval/environment/ament_prefix_path.dsv
[0.314s] -- Up-to-date symlink: /home/dev_ws/install/serval/share/serval/environment/path.sh
[0.314s] -- Up-to-date symlink: /home/dev_ws/install/serval/share/serval/environment/path.dsv
[0.314s] -- Up-to-date symlink: /home/dev_ws/install/serval/share/serval/local_setup.bash
[0.315s] -- Up-to-date symlink: /home/dev_ws/install/serval/share/serval/local_setup.sh
[0.315s] -- Up-to-date symlink: /home/dev_ws/install/serval/share/serval/local_setup.zsh
[0.315s] -- Up-to-date symlink: /home/dev_ws/install/serval/share/serval/local_setup.dsv
[0.315s] -- Symlinking: /home/dev_ws/install/serval/share/serval/package.dsv
[0.321s] -- Up-to-date symlink: /home/dev_ws/install/serval/share/ament_index/resource_index/packages/serval
[0.321s] -- Up-to-date symlink: /home/dev_ws/install/serval/share/serval/cmake/servalConfig.cmake
[0.321s] -- Up-to-date symlink: /home/dev_ws/install/serval/share/serval/cmake/servalConfig-version.cmake
[0.321s] -- Up-to-date symlink: /home/dev_ws/install/serval/share/serval/package.xml
[0.322s] Invoked command in '/home/dev_ws/build/serval' returned '0': CMAKE_PREFIX_PATH=${CMAKE_PREFIX_PATH}:/opt/ros/kilted DEBUGINFOD_URLS=https://debuginfod.ubuntu.com /usr/bin/cmake --install /home/dev_ws/build/serval
