[0.006s] Invoking command in '/home/dev_ws/build/serval': CMAKE_PREFIX_PATH=${CMAKE_PREFIX_PATH}:/opt/ros/kilted DEBUGINFOD_URLS=https://debuginfod.ubuntu.com /usr/bin/cmake /home/dev_ws/src/serval -DAMENT_CMAKE_SYMLINK_INSTALL=1 -DCMAKE_INSTALL_PREFIX=/home/dev_ws/install/serval
[0.072s] -- The C compiler identification is GNU 13.3.0
[0.107s] -- The CXX compiler identification is GNU 13.3.0
[0.118s] -- Detecting C compiler ABI info
[0.175s] -- Detecting C compiler ABI info - done
[0.180s] -- Check for working C compiler: /usr/bin/cc - skipped
[0.180s] -- Detecting C compile features
[0.180s] -- Detecting C compile features - done
[0.186s] -- Detecting CXX compiler ABI info
[0.251s] -- Detecting CXX compiler ABI info - done
[0.257s] -- Check for working CXX compiler: /usr/bin/c++ - skipped
[0.257s] -- Detecting CXX compile features
[0.257s] -- Detecting CXX compile features - done
[0.259s] -- Found ament_cmake: 2.7.3 (/opt/ros/kilted/share/ament_cmake/cmake)
[0.349s] -- Found Python3: /usr/bin/python3 (found version "3.12.3") found components: Interpreter 
[0.429s] -- Override CMake install command with custom implementation using symlinks instead of copying resources
[0.450s] -- Found rclpy: 9.1.2 (/opt/ros/kilted/share/rclpy/cmake)
[0.451s] -- Found ament_lint_auto: 0.19.2 (/opt/ros/kilted/share/ament_lint_auto/cmake)
[0.517s] -- Added test 'copyright' to check source files copyright and LICENSE
[0.519s] -- Added test 'flake8' to check Python code syntax and style conventions
[0.519s] -- Configured 'flake8' exclude dirs and/or files: 
[0.520s] -- Added test 'lint_cmake' to check CMake code style
[0.520s] -- Added test 'pep257' to check Python code against some of the docstring style conventions in PEP 257
[0.521s] -- Added test 'xmllint' to check XML markup files
[0.522s] -- Configuring done (0.5s)
[0.525s] -- Generating done (0.0s)
[0.526s] -- Build files have been written to: /home/dev_ws/build/serval
[0.529s] Invoked command in '/home/dev_ws/build/serval' returned '0': CMAKE_PREFIX_PATH=${CMAKE_PREFIX_PATH}:/opt/ros/kilted DEBUGINFOD_URLS=https://debuginfod.ubuntu.com /usr/bin/cmake /home/dev_ws/src/serval -DAMENT_CMAKE_SYMLINK_INSTALL=1 -DCMAKE_INSTALL_PREFIX=/home/dev_ws/install/serval
[0.530s] Invoking command in '/home/dev_ws/build/serval': CMAKE_PREFIX_PATH=${CMAKE_PREFIX_PATH}:/opt/ros/kilted DEBUGINFOD_URLS=https://debuginfod.ubuntu.com /usr/bin/cmake --build /home/dev_ws/build/serval -- -j16 -l16
[0.556s] Invoked command in '/home/dev_ws/build/serval' returned '0': CMAKE_PREFIX_PATH=${CMAKE_PREFIX_PATH}:/opt/ros/kilted DEBUGINFOD_URLS=https://debuginfod.ubuntu.com /usr/bin/cmake --build /home/dev_ws/build/serval -- -j16 -l16
[0.562s] Invoking command in '/home/dev_ws/build/serval': CMAKE_PREFIX_PATH=${CMAKE_PREFIX_PATH}:/opt/ros/kilted DEBUGINFOD_URLS=https://debuginfod.ubuntu.com /usr/bin/cmake --install /home/dev_ws/build/serval
[0.566s] -- Install configuration: ""
[0.567s] -- Execute custom install script
[0.567s] -- Symlinking: /home/dev_ws/install/serval/lib/serval/joystick_control.py
[0.573s] -- Symlinking: /home/dev_ws/install/serval/share/serval/config/controllers.yaml
[0.578s] -- Symlinking: /home/dev_ws/install/serval/share/serval/launch/serval.launch.py
[0.584s] -- Symlinking: /home/dev_ws/install/serval/share/serval/description/serval.urdf.xacro
[0.590s] -- Symlinking: /home/dev_ws/install/serval/share/serval/meshes/base_link.stl
[0.595s] -- Symlinking: /home/dev_ws/install/serval/share/serval/meshes/foot_link.stl
[0.601s] -- Symlinking: /home/dev_ws/install/serval/share/serval/meshes/hip_link.stl
[0.607s] -- Symlinking: /home/dev_ws/install/serval/share/serval/meshes/lower_leg_link.stl
[0.613s] -- Symlinking: /home/dev_ws/install/serval/share/serval/meshes/upper_leg_link.stl
[0.619s] -- Symlinking: /home/dev_ws/install/serval/share/ament_index/resource_index/package_run_dependencies/serval
[0.625s] -- Symlinking: /home/dev_ws/install/serval/share/ament_index/resource_index/parent_prefix_path/serval
[0.631s] -- Symlinking: /home/dev_ws/install/serval/share/serval/environment/ament_prefix_path.sh
[0.636s] -- Symlinking: /home/dev_ws/install/serval/share/serval/environment/ament_prefix_path.dsv
[0.641s] -- Symlinking: /home/dev_ws/install/serval/share/serval/environment/path.sh
[0.646s] -- Symlinking: /home/dev_ws/install/serval/share/serval/environment/path.dsv
[0.652s] -- Symlinking: /home/dev_ws/install/serval/share/serval/local_setup.bash
[0.657s] -- Symlinking: /home/dev_ws/install/serval/share/serval/local_setup.sh
[0.663s] -- Symlinking: /home/dev_ws/install/serval/share/serval/local_setup.zsh
[0.668s] -- Symlinking: /home/dev_ws/install/serval/share/serval/local_setup.dsv
[0.673s] -- Symlinking: /home/dev_ws/install/serval/share/serval/package.dsv
[0.678s] -- Symlinking: /home/dev_ws/install/serval/share/ament_index/resource_index/packages/serval
[0.685s] -- Symlinking: /home/dev_ws/install/serval/share/serval/cmake/servalConfig.cmake
[0.690s] -- Symlinking: /home/dev_ws/install/serval/share/serval/cmake/servalConfig-version.cmake
[0.696s] -- Symlinking: /home/dev_ws/install/serval/share/serval/package.xml
[0.702s] Invoked command in '/home/dev_ws/build/serval' returned '0': CMAKE_PREFIX_PATH=${CMAKE_PREFIX_PATH}:/opt/ros/kilted DEBUGINFOD_URLS=https://debuginfod.ubuntu.com /usr/bin/cmake --install /home/dev_ws/build/serval
