[0.004s] Invoking command in '/home/dev_ws/build/serval': DEBUGINFOD_URLS=https://debuginfod.ubuntu.com /usr/bin/cmake /home/dev_ws/src/serval -DCMAKE_INSTALL_PREFIX=/home/dev_ws/install/serval
[0.012s] -- Found ament_cmake: 2.7.3 (/opt/ros/kilted/share/ament_cmake/cmake)
[0.692s] Traceback (most recent call last):
[0.692s]   File "/opt/ros/kilted/share/ament_cmake_core/cmake/package_templates/templates_2_cmake.py", line 21, in <module>
[0.692s]     from ament_package.templates import get_environment_hook_template_path
[0.692s] ModuleNotFoundError: No module named 'ament_package'
[0.710s] [31mCMake Error at /opt/ros/kilted/share/ament_cmake_core/cmake/ament_cmake_package_templates-extras.cmake:41 (message):
[0.710s]   execute_process(/usr/bin/python3
[0.710s]   /opt/ros/kilted/share/ament_cmake_core/cmake/package_templates/templates_2_cmake.py
[0.710s]   /home/dev_ws/build/serval/ament_cmake_package_templates/templates.cmake)
[0.710s]   returned error code 1
[0.710s] Call Stack (most recent call first):
[0.710s]   /opt/ros/kilted/share/ament_cmake_core/cmake/ament_cmake_coreConfig.cmake:41 (include)
[0.710s]   /opt/ros/kilted/share/ament_cmake/cmake/ament_cmake_export_dependencies-extras.cmake:15 (find_package)
[0.710s]   /opt/ros/kilted/share/ament_cmake/cmake/ament_cmakeConfig.cmake:41 (include)
[0.710s]   CMakeLists.txt:5 (find_package)
[0.710s] 
[0.710s] [0m
[0.710s] -- Configuring incomplete, errors occurred!
[0.713s] Invoked command in '/home/dev_ws/build/serval' returned '1': DEBUGINFOD_URLS=https://debuginfod.ubuntu.com /usr/bin/cmake /home/dev_ws/src/serval -DCMAKE_INSTALL_PREFIX=/home/dev_ws/install/serval
